2021-01-21 17:23:14,023 DBNet.pytorch INFO: [1/100], [5170/6416], global_step: 5170, speed: 2.7 samples/sec, acc: 0.7303, iou_shrink_map: 0.5331, loss: 1.8316loss_shrink_maps: 0.4772, loss_threshold_maps: 0.0919, loss_binary_maps: 0.4352, , lr:0.000440752, time:3.67
2021-01-21 17:23:17,657 DBNet.pytorch INFO: [1/100], [5180/6416], global_step: 5180, speed: 2.8 samples/sec, acc: 0.7306, iou_shrink_map: 0.5333, loss: 2.9417loss_shrink_maps: 0.9418, loss_threshold_maps: 0.1011, loss_binary_maps: 0.9893, , lr:0.00044096, time:3.63
2021-01-21 17:23:21,274 DBNet.pytorch INFO: [1/100], [5190/6416], global_step: 5190, speed: 2.8 samples/sec, acc: 0.7305, iou_shrink_map: 0.5334, loss: 1.9534loss_shrink_maps: 0.5063, loss_threshold_maps: 0.0900, loss_binary_maps: 0.5474, , lr:0.000441168, time:3.62
2021-01-21 17:23:24,885 DBNet.pytorch INFO: [1/100], [5200/6416], global_step: 5200, speed: 2.8 samples/sec, acc: 0.7307, iou_shrink_map: 0.5336, loss: 1.3732loss_shrink_maps: 0.3975, loss_threshold_maps: 0.0713, loss_binary_maps: 0.2625, , lr:0.000441376, time:3.61
2021-01-21 17:23:28,476 DBNet.pytorch INFO: [1/100], [5210/6416], global_step: 5210, speed: 2.8 samples/sec, acc: 0.7309, iou_shrink_map: 0.5337, loss: 1.3348loss_shrink_maps: 0.3994, loss_threshold_maps: 0.0627, loss_binary_maps: 0.3088, , lr:0.000441584, time:3.59
2021-01-21 17:23:32,126 DBNet.pytorch INFO: [1/100], [5220/6416], global_step: 5220, speed: 2.7 samples/sec, acc: 0.7310, iou_shrink_map: 0.5339, loss: 1.5960loss_shrink_maps: 0.4342, loss_threshold_maps: 0.0849, loss_binary_maps: 0.3131, , lr:0.000441791, time:3.65
2021-01-21 17:23:35,756 DBNet.pytorch INFO: [1/100], [5230/6416], global_step: 5230, speed: 2.8 samples/sec, acc: 0.7309, iou_shrink_map: 0.5340, loss: 2.8784loss_shrink_maps: 0.8408, loss_threshold_maps: 0.1095, loss_binary_maps: 0.9431, , lr:0.000441999, time:3.63
2021-01-21 17:23:39,414 DBNet.pytorch INFO: [1/100], [5240/6416], global_step: 5240, speed: 2.7 samples/sec, acc: 0.7311, iou_shrink_map: 0.5342, loss: 3.2632loss_shrink_maps: 0.9302, loss_threshold_maps: 0.1475, loss_binary_maps: 0.8583, , lr:0.000442207, time:3.66
2021-01-21 17:23:43,035 DBNet.pytorch INFO: [1/100], [5250/6416], global_step: 5250, speed: 2.8 samples/sec, acc: 0.7313, iou_shrink_map: 0.5343, loss: 1.2929loss_shrink_maps: 0.3835, loss_threshold_maps: 0.0674, loss_binary_maps: 0.2354, , lr:0.000442415, time:3.62
2021-01-21 17:23:46,659 DBNet.pytorch INFO: [1/100], [5260/6416], global_step: 5260, speed: 2.8 samples/sec, acc: 0.7312, iou_shrink_map: 0.5345, loss: 0.9998loss_shrink_maps: 0.3445, loss_threshold_maps: 0.0450, loss_binary_maps: 0.2049, , lr:0.000442623, time:3.62
2021-01-21 17:23:50,289 DBNet.pytorch INFO: [1/100], [5270/6416], global_step: 5270, speed: 2.8 samples/sec, acc: 0.7316, iou_shrink_map: 0.5347, loss: 1.5216loss_shrink_maps: 0.4139, loss_threshold_maps: 0.0774, loss_binary_maps: 0.3334, , lr:0.00044283, time:3.63
2021-01-21 17:23:53,955 DBNet.pytorch INFO: [1/100], [5280/6416], global_step: 5280, speed: 2.7 samples/sec, acc: 0.7317, iou_shrink_map: 0.5348, loss: 1.4489loss_shrink_maps: 0.3935, loss_threshold_maps: 0.0747, loss_binary_maps: 0.3080, , lr:0.000443038, time:3.67
2021-01-21 17:23:57,586 DBNet.pytorch INFO: [1/100], [5290/6416], global_step: 5290, speed: 2.8 samples/sec, acc: 0.7317, iou_shrink_map: 0.5350, loss: 0.8953loss_shrink_maps: 0.3087, loss_threshold_maps: 0.0437, loss_binary_maps: 0.1499, , lr:0.000443246, time:3.63
2021-01-21 17:24:01,214 DBNet.pytorch INFO: [1/100], [5300/6416], global_step: 5300, speed: 2.8 samples/sec, acc: 0.7318, iou_shrink_map: 0.5351, loss: 2.2006loss_shrink_maps: 0.5578, loss_threshold_maps: 0.0976, loss_binary_maps: 0.6668, , lr:0.000443454, time:3.63
2021-01-21 17:24:04,842 DBNet.pytorch INFO: [1/100], [5310/6416], global_step: 5310, speed: 2.8 samples/sec, acc: 0.7319, iou_shrink_map: 0.5353, loss: 2.6975loss_shrink_maps: 0.8141, loss_threshold_maps: 0.0922, loss_binary_maps: 0.9614, , lr:0.000443662, time:3.63
2021-01-21 17:24:08,494 DBNet.pytorch INFO: [1/100], [5320/6416], global_step: 5320, speed: 2.7 samples/sec, acc: 0.7320, iou_shrink_map: 0.5354, loss: 2.2924loss_shrink_maps: 0.5296, loss_threshold_maps: 0.1135, loss_binary_maps: 0.6278, , lr:0.000443869, time:3.65
2021-01-21 17:24:12,129 DBNet.pytorch INFO: [1/100], [5330/6416], global_step: 5330, speed: 2.8 samples/sec, acc: 0.7321, iou_shrink_map: 0.5356, loss: 1.0147loss_shrink_maps: 0.3300, loss_threshold_maps: 0.0551, loss_binary_maps: 0.1341, , lr:0.000444077, time:3.63
2021-01-21 17:24:15,733 DBNet.pytorch INFO: [1/100], [5340/6416], global_step: 5340, speed: 2.8 samples/sec, acc: 0.7323, iou_shrink_map: 0.5358, loss: 1.1569loss_shrink_maps: 0.3288, loss_threshold_maps: 0.0624, loss_binary_maps: 0.2037, , lr:0.000444285, time:3.60
2021-01-21 17:24:19,364 DBNet.pytorch INFO: [1/100], [5350/6416], global_step: 5350, speed: 2.8 samples/sec, acc: 0.7324, iou_shrink_map: 0.5359, loss: 3.1910loss_shrink_maps: 0.9749, loss_threshold_maps: 0.1216, loss_binary_maps: 1.0000, , lr:0.000444493, time:3.63
2021-01-21 17:24:23,027 DBNet.pytorch INFO: [1/100], [5360/6416], global_step: 5360, speed: 2.7 samples/sec, acc: 0.7325, iou_shrink_map: 0.5360, loss: 1.9839loss_shrink_maps: 0.5789, loss_threshold_maps: 0.0896, loss_binary_maps: 0.5087, , lr:0.000444701, time:3.66
2021-01-21 17:24:26,649 DBNet.pytorch INFO: [1/100], [5370/6416], global_step: 5370, speed: 2.8 samples/sec, acc: 0.7324, iou_shrink_map: 0.5361, loss: 2.7332loss_shrink_maps: 0.7105, loss_threshold_maps: 0.1023, loss_binary_maps: 0.9998, , lr:0.000444909, time:3.62
2021-01-21 17:24:30,247 DBNet.pytorch INFO: [1/100], [5380/6416], global_step: 5380, speed: 2.8 samples/sec, acc: 0.7326, iou_shrink_map: 0.5363, loss: 1.0905loss_shrink_maps: 0.3479, loss_threshold_maps: 0.0489, loss_binary_maps: 0.2532, , lr:0.000445116, time:3.60
2021-01-21 17:24:33,853 DBNet.pytorch INFO: [1/100], [5390/6416], global_step: 5390, speed: 2.8 samples/sec, acc: 0.7329, iou_shrink_map: 0.5366, loss: 2.2176loss_shrink_maps: 0.5888, loss_threshold_maps: 0.1035, loss_binary_maps: 0.5934, , lr:0.000445324, time:3.61
2021-01-21 17:24:37,465 DBNet.pytorch INFO: [1/100], [5400/6416], global_step: 5400, speed: 2.8 samples/sec, acc: 0.7330, iou_shrink_map: 0.5367, loss: 2.3091loss_shrink_maps: 0.5506, loss_threshold_maps: 0.1113, loss_binary_maps: 0.6459, , lr:0.000445532, time:3.61
2021-01-21 17:24:41,076 DBNet.pytorch INFO: [1/100], [5410/6416], global_step: 5410, speed: 2.8 samples/sec, acc: 0.7331, iou_shrink_map: 0.5368, loss: 2.5530loss_shrink_maps: 0.6094, loss_threshold_maps: 0.1147, loss_binary_maps: 0.7971, , lr:0.00044574, time:3.61
2021-01-21 17:24:44,676 DBNet.pytorch INFO: [1/100], [5420/6416], global_step: 5420, speed: 2.8 samples/sec, acc: 0.7331, iou_shrink_map: 0.5370, loss: 1.5645loss_shrink_maps: 0.4213, loss_threshold_maps: 0.0832, loss_binary_maps: 0.3112, , lr:0.000445948, time:3.60
2021-01-21 17:24:48,260 DBNet.pytorch INFO: [1/100], [5430/6416], global_step: 5430, speed: 2.8 samples/sec, acc: 0.7334, iou_shrink_map: 0.5371, loss: 1.5147loss_shrink_maps: 0.4857, loss_threshold_maps: 0.0570, loss_binary_maps: 0.4590, , lr:0.000446155, time:3.58
2021-01-21 17:24:51,849 DBNet.pytorch INFO: [1/100], [5440/6416], global_step: 5440, speed: 2.8 samples/sec, acc: 0.7333, iou_shrink_map: 0.5372, loss: 1.3395loss_shrink_maps: 0.4178, loss_threshold_maps: 0.0657, loss_binary_maps: 0.2651, , lr:0.000446363, time:3.59
2021-01-21 17:24:55,435 DBNet.pytorch INFO: [1/100], [5450/6416], global_step: 5450, speed: 2.8 samples/sec, acc: 0.7334, iou_shrink_map: 0.5373, loss: 1.6946loss_shrink_maps: 0.4644, loss_threshold_maps: 0.0801, loss_binary_maps: 0.4289, , lr:0.000446571, time:3.59
2021-01-21 17:24:59,044 DBNet.pytorch INFO: [1/100], [5460/6416], global_step: 5460, speed: 2.8 samples/sec, acc: 0.7333, iou_shrink_map: 0.5374, loss: 2.4622loss_shrink_maps: 0.5875, loss_threshold_maps: 0.1093, loss_binary_maps: 0.7816, , lr:0.000446779, time:3.61
2021-01-21 17:25:02,694 DBNet.pytorch INFO: [1/100], [5470/6416], global_step: 5470, speed: 2.7 samples/sec, acc: 0.7333, iou_shrink_map: 0.5375, loss: 2.2239loss_shrink_maps: 0.6220, loss_threshold_maps: 0.0934, loss_binary_maps: 0.6677, , lr:0.000446987, time:3.65
2021-01-21 17:25:06,332 DBNet.pytorch INFO: [1/100], [5480/6416], global_step: 5480, speed: 2.7 samples/sec, acc: 0.7334, iou_shrink_map: 0.5376, loss: 1.9911loss_shrink_maps: 0.5697, loss_threshold_maps: 0.0897, loss_binary_maps: 0.5240, , lr:0.000447195, time:3.64
2021-01-21 17:25:09,962 DBNet.pytorch INFO: [1/100], [5490/6416], global_step: 5490, speed: 2.8 samples/sec, acc: 0.7336, iou_shrink_map: 0.5378, loss: 1.5088loss_shrink_maps: 0.4246, loss_threshold_maps: 0.0762, loss_binary_maps: 0.3227, , lr:0.000447402, time:3.63
2021-01-21 17:25:13,576 DBNet.pytorch INFO: [1/100], [5500/6416], global_step: 5500, speed: 2.8 samples/sec, acc: 0.7333, iou_shrink_map: 0.5379, loss: 1.1337loss_shrink_maps: 0.3565, loss_threshold_maps: 0.0546, loss_binary_maps: 0.2315, , lr:0.00044761, time:3.61
2021-01-21 17:25:17,205 DBNet.pytorch INFO: [1/100], [5510/6416], global_step: 5510, speed: 2.8 samples/sec, acc: 0.7333, iou_shrink_map: 0.5380, loss: 1.4864loss_shrink_maps: 0.4128, loss_threshold_maps: 0.0787, loss_binary_maps: 0.2862, , lr:0.000447818, time:3.63
2021-01-21 17:25:20,839 DBNet.pytorch INFO: [1/100], [5520/6416], global_step: 5520, speed: 2.8 samples/sec, acc: 0.7333, iou_shrink_map: 0.5381, loss: 1.3665loss_shrink_maps: 0.4218, loss_threshold_maps: 0.0609, loss_binary_maps: 0.3360, , lr:0.000448026, time:3.63
2021-01-21 17:25:24,445 DBNet.pytorch INFO: [1/100], [5530/6416], global_step: 5530, speed: 2.8 samples/sec, acc: 0.7333, iou_shrink_map: 0.5383, loss: 2.6759loss_shrink_maps: 0.6128, loss_threshold_maps: 0.1157, loss_binary_maps: 0.9060, , lr:0.000448234, time:3.61
2021-01-21 17:25:28,098 DBNet.pytorch INFO: [1/100], [5540/6416], global_step: 5540, speed: 2.7 samples/sec, acc: 0.7333, iou_shrink_map: 0.5384, loss: 2.4081loss_shrink_maps: 0.5815, loss_threshold_maps: 0.1132, loss_binary_maps: 0.6941, , lr:0.000448441, time:3.65
2021-01-21 17:25:31,718 DBNet.pytorch INFO: [1/100], [5550/6416], global_step: 5550, speed: 2.8 samples/sec, acc: 0.7333, iou_shrink_map: 0.5385, loss: 0.8115loss_shrink_maps: 0.2863, loss_threshold_maps: 0.0364, loss_binary_maps: 0.1608, , lr:0.000448649, time:3.62
2021-01-21 17:25:35,352 DBNet.pytorch INFO: [1/100], [5560/6416], global_step: 5560, speed: 2.8 samples/sec, acc: 0.7334, iou_shrink_map: 0.5387, loss: 2.4808loss_shrink_maps: 0.5923, loss_threshold_maps: 0.1102, loss_binary_maps: 0.7869, , lr:0.000448857, time:3.63
2021-01-21 17:25:38,964 DBNet.pytorch INFO: [1/100], [5570/6416], global_step: 5570, speed: 2.8 samples/sec, acc: 0.7336, iou_shrink_map: 0.5388, loss: 1.6308loss_shrink_maps: 0.4733, loss_threshold_maps: 0.0773, loss_binary_maps: 0.3849, , lr:0.000449065, time:3.61
2021-01-21 17:25:42,617 DBNet.pytorch INFO: [1/100], [5580/6416], global_step: 5580, speed: 2.7 samples/sec, acc: 0.7335, iou_shrink_map: 0.5389, loss: 2.8714loss_shrink_maps: 0.7754, loss_threshold_maps: 0.1205, loss_binary_maps: 0.8911, , lr:0.000449273, time:3.65
2021-01-21 17:25:46,251 DBNet.pytorch INFO: [1/100], [5590/6416], global_step: 5590, speed: 2.8 samples/sec, acc: 0.7335, iou_shrink_map: 0.5390, loss: 2.0067loss_shrink_maps: 0.5290, loss_threshold_maps: 0.0844, loss_binary_maps: 0.6335, , lr:0.00044948, time:3.63
2021-01-21 17:25:49,849 DBNet.pytorch INFO: [1/100], [5600/6416], global_step: 5600, speed: 2.8 samples/sec, acc: 0.7335, iou_shrink_map: 0.5392, loss: 1.5298loss_shrink_maps: 0.4153, loss_threshold_maps: 0.0775, loss_binary_maps: 0.3395, , lr:0.000449688, time:3.60
2021-01-21 17:25:53,452 DBNet.pytorch INFO: [1/100], [5610/6416], global_step: 5610, speed: 2.8 samples/sec, acc: 0.7337, iou_shrink_map: 0.5393, loss: 0.9819loss_shrink_maps: 0.3334, loss_threshold_maps: 0.0493, loss_binary_maps: 0.1551, , lr:0.000449896, time:3.60
2021-01-21 17:25:57,091 DBNet.pytorch INFO: [1/100], [5620/6416], global_step: 5620, speed: 2.7 samples/sec, acc: 0.7339, iou_shrink_map: 0.5395, loss: 2.0007loss_shrink_maps: 0.4789, loss_threshold_maps: 0.0998, loss_binary_maps: 0.5242, , lr:0.000450104, time:3.64
2021-01-21 17:26:00,692 DBNet.pytorch INFO: [1/100], [5630/6416], global_step: 5630, speed: 2.8 samples/sec, acc: 0.7342, iou_shrink_map: 0.5397, loss: 2.0225loss_shrink_maps: 0.5453, loss_threshold_maps: 0.0926, loss_binary_maps: 0.5516, , lr:0.000450312, time:3.60
2021-01-21 17:26:04,320 DBNet.pytorch INFO: [1/100], [5640/6416], global_step: 5640, speed: 2.8 samples/sec, acc: 0.7342, iou_shrink_map: 0.5399, loss: 2.3574loss_shrink_maps: 0.5820, loss_threshold_maps: 0.1002, loss_binary_maps: 0.7736, , lr:0.00045052, time:3.63
2021-01-21 17:26:07,952 DBNet.pytorch INFO: [1/100], [5650/6416], global_step: 5650, speed: 2.8 samples/sec, acc: 0.7344, iou_shrink_map: 0.5401, loss: 0.9054loss_shrink_maps: 0.3004, loss_threshold_maps: 0.0414, loss_binary_maps: 0.1910, , lr:0.000450727, time:3.63
2021-01-21 17:26:11,576 DBNet.pytorch INFO: [1/100], [5660/6416], global_step: 5660, speed: 2.8 samples/sec, acc: 0.7344, iou_shrink_map: 0.5402, loss: 2.1883loss_shrink_maps: 0.5168, loss_threshold_maps: 0.1077, loss_binary_maps: 0.5946, , lr:0.000450935, time:3.62
2021-01-21 17:26:15,167 DBNet.pytorch INFO: [1/100], [5670/6416], global_step: 5670, speed: 2.8 samples/sec, acc: 0.7344, iou_shrink_map: 0.5403, loss: 3.2093loss_shrink_maps: 1.0514, loss_threshold_maps: 0.1158, loss_binary_maps: 1.0000, , lr:0.000451143, time:3.59
2021-01-21 17:26:18,788 DBNet.pytorch INFO: [1/100], [5680/6416], global_step: 5680, speed: 2.8 samples/sec, acc: 0.7346, iou_shrink_map: 0.5405, loss: 2.4366loss_shrink_maps: 0.5832, loss_threshold_maps: 0.1056, loss_binary_maps: 0.7974, , lr:0.000451351, time:3.62
2021-01-21 17:26:22,411 DBNet.pytorch INFO: [1/100], [5690/6416], global_step: 5690, speed: 2.8 samples/sec, acc: 0.7346, iou_shrink_map: 0.5405, loss: 2.8973loss_shrink_maps: 0.6439, loss_threshold_maps: 0.1467, loss_binary_maps: 0.7859, , lr:0.000451559, time:3.62
2021-01-21 17:26:26,030 DBNet.pytorch INFO: [1/100], [5700/6416], global_step: 5700, speed: 2.8 samples/sec, acc: 0.7344, iou_shrink_map: 0.5407, loss: 1.3865loss_shrink_maps: 0.4186, loss_threshold_maps: 0.0682, loss_binary_maps: 0.2858, , lr:0.000451766, time:3.62
2021-01-21 17:26:29,624 DBNet.pytorch INFO: [1/100], [5710/6416], global_step: 5710, speed: 2.8 samples/sec, acc: 0.7343, iou_shrink_map: 0.5408, loss: 1.4473loss_shrink_maps: 0.3983, loss_threshold_maps: 0.0766, loss_binary_maps: 0.2832, , lr:0.000451974, time:3.59
2021-01-21 17:26:33,273 DBNet.pytorch INFO: [1/100], [5720/6416], global_step: 5720, speed: 2.7 samples/sec, acc: 0.7345, iou_shrink_map: 0.5410, loss: 1.8464loss_shrink_maps: 0.5038, loss_threshold_maps: 0.0829, loss_binary_maps: 0.5131, , lr:0.000452182, time:3.65
2021-01-21 17:26:36,901 DBNet.pytorch INFO: [1/100], [5730/6416], global_step: 5730, speed: 2.8 samples/sec, acc: 0.7346, iou_shrink_map: 0.5411, loss: 2.0909loss_shrink_maps: 0.5013, loss_threshold_maps: 0.1065, loss_binary_maps: 0.5247, , lr:0.00045239, time:3.63
2021-01-21 17:26:40,522 DBNet.pytorch INFO: [1/100], [5740/6416], global_step: 5740, speed: 2.8 samples/sec, acc: 0.7347, iou_shrink_map: 0.5413, loss: 1.2577loss_shrink_maps: 0.3649, loss_threshold_maps: 0.0593, loss_binary_maps: 0.2997, , lr:0.000452598, time:3.62
2021-01-21 17:26:44,144 DBNet.pytorch INFO: [1/100], [5750/6416], global_step: 5750, speed: 2.8 samples/sec, acc: 0.7349, iou_shrink_map: 0.5414, loss: 0.8626loss_shrink_maps: 0.2739, loss_threshold_maps: 0.0423, loss_binary_maps: 0.1655, , lr:0.000452805, time:3.62
2021-01-21 17:26:47,735 DBNet.pytorch INFO: [1/100], [5760/6416], global_step: 5760, speed: 2.8 samples/sec, acc: 0.7349, iou_shrink_map: 0.5416, loss: 0.8041loss_shrink_maps: 0.2688, loss_threshold_maps: 0.0380, loss_binary_maps: 0.1558, , lr:0.000453013, time:3.59
2021-01-21 17:26:51,320 DBNet.pytorch INFO: [1/100], [5770/6416], global_step: 5770, speed: 2.8 samples/sec, acc: 0.7351, iou_shrink_map: 0.5417, loss: 1.7115loss_shrink_maps: 0.4497, loss_threshold_maps: 0.0825, loss_binary_maps: 0.4366, , lr:0.000453221, time:3.58
2021-01-21 17:26:54,924 DBNet.pytorch INFO: [1/100], [5780/6416], global_step: 5780, speed: 2.8 samples/sec, acc: 0.7351, iou_shrink_map: 0.5418, loss: 2.6670loss_shrink_maps: 0.6161, loss_threshold_maps: 0.1230, loss_binary_maps: 0.8204, , lr:0.000453429, time:3.60
2021-01-21 17:26:58,533 DBNet.pytorch INFO: [1/100], [5790/6416], global_step: 5790, speed: 2.8 samples/sec, acc: 0.7352, iou_shrink_map: 0.5420, loss: 1.3871loss_shrink_maps: 0.3915, loss_threshold_maps: 0.0719, loss_binary_maps: 0.2763, , lr:0.000453637, time:3.61
2021-01-21 17:27:02,127 DBNet.pytorch INFO: [1/100], [5800/6416], global_step: 5800, speed: 2.8 samples/sec, acc: 0.7353, iou_shrink_map: 0.5421, loss: 1.5328loss_shrink_maps: 0.4123, loss_threshold_maps: 0.0811, loss_binary_maps: 0.3091, , lr:0.000453845, time:3.59
2021-01-21 17:27:05,715 DBNet.pytorch INFO: [1/100], [5810/6416], global_step: 5810, speed: 2.8 samples/sec, acc: 0.7354, iou_shrink_map: 0.5422, loss: 2.2816loss_shrink_maps: 0.6100, loss_threshold_maps: 0.1029, loss_binary_maps: 0.6427, , lr:0.000454052, time:3.59
2021-01-21 17:27:09,310 DBNet.pytorch INFO: [1/100], [5820/6416], global_step: 5820, speed: 2.8 samples/sec, acc: 0.7353, iou_shrink_map: 0.5423, loss: 2.1538loss_shrink_maps: 0.5032, loss_threshold_maps: 0.1173, loss_binary_maps: 0.4779, , lr:0.00045426, time:3.59
2021-01-21 17:27:12,896 DBNet.pytorch INFO: [1/100], [5830/6416], global_step: 5830, speed: 2.8 samples/sec, acc: 0.7353, iou_shrink_map: 0.5424, loss: 2.4907loss_shrink_maps: 0.5888, loss_threshold_maps: 0.1073, loss_binary_maps: 0.8292, , lr:0.000454468, time:3.59
2021-01-21 17:27:16,513 DBNet.pytorch INFO: [1/100], [5840/6416], global_step: 5840, speed: 2.8 samples/sec, acc: 0.7354, iou_shrink_map: 0.5425, loss: 1.3338loss_shrink_maps: 0.3918, loss_threshold_maps: 0.0685, loss_binary_maps: 0.2567, , lr:0.000454676, time:3.62
2021-01-21 17:27:20,149 DBNet.pytorch INFO: [1/100], [5850/6416], global_step: 5850, speed: 2.8 samples/sec, acc: 0.7355, iou_shrink_map: 0.5426, loss: 1.1122loss_shrink_maps: 0.3200, loss_threshold_maps: 0.0659, loss_binary_maps: 0.1329, , lr:0.000454884, time:3.64
2021-01-21 17:27:23,814 DBNet.pytorch INFO: [1/100], [5860/6416], global_step: 5860, speed: 2.7 samples/sec, acc: 0.7356, iou_shrink_map: 0.5428, loss: 2.6249loss_shrink_maps: 0.7173, loss_threshold_maps: 0.1022, loss_binary_maps: 0.8852, , lr:0.000455091, time:3.67
2021-01-21 17:27:27,444 DBNet.pytorch INFO: [1/100], [5870/6416], global_step: 5870, speed: 2.8 samples/sec, acc: 0.7356, iou_shrink_map: 0.5429, loss: 1.4854loss_shrink_maps: 0.4006, loss_threshold_maps: 0.0752, loss_binary_maps: 0.3332, , lr:0.000455299, time:3.63
2021-01-21 17:27:31,103 DBNet.pytorch INFO: [1/100], [5880/6416], global_step: 5880, speed: 2.7 samples/sec, acc: 0.7357, iou_shrink_map: 0.5430, loss: 1.9401loss_shrink_maps: 0.5596, loss_threshold_maps: 0.0831, loss_binary_maps: 0.5494, , lr:0.000455507, time:3.66
2021-01-21 17:27:34,752 DBNet.pytorch INFO: [1/100], [5890/6416], global_step: 5890, speed: 2.7 samples/sec, acc: 0.7358, iou_shrink_map: 0.5431, loss: 1.2928loss_shrink_maps: 0.3321, loss_threshold_maps: 0.0767, loss_binary_maps: 0.1934, , lr:0.000455715, time:3.65
2021-01-21 17:27:38,391 DBNet.pytorch INFO: [1/100], [5900/6416], global_step: 5900, speed: 2.7 samples/sec, acc: 0.7360, iou_shrink_map: 0.5433, loss: 1.6928loss_shrink_maps: 0.4490, loss_threshold_maps: 0.0840, loss_binary_maps: 0.4034, , lr:0.000455923, time:3.64
2021-01-21 17:27:42,054 DBNet.pytorch INFO: [1/100], [5910/6416], global_step: 5910, speed: 2.7 samples/sec, acc: 0.7359, iou_shrink_map: 0.5433, loss: 1.5358loss_shrink_maps: 0.4596, loss_threshold_maps: 0.0720, loss_binary_maps: 0.3565, , lr:0.000456131, time:3.66
2021-01-21 17:27:45,744 DBNet.pytorch INFO: [1/100], [5920/6416], global_step: 5920, speed: 2.7 samples/sec, acc: 0.7357, iou_shrink_map: 0.5434, loss: 2.3245loss_shrink_maps: 0.5497, loss_threshold_maps: 0.1141, loss_binary_maps: 0.6336, , lr:0.000456338, time:3.69
2021-01-21 17:27:49,389 DBNet.pytorch INFO: [1/100], [5930/6416], global_step: 5930, speed: 2.7 samples/sec, acc: 0.7358, iou_shrink_map: 0.5435, loss: 1.2037loss_shrink_maps: 0.4029, loss_threshold_maps: 0.0563, loss_binary_maps: 0.2376, , lr:0.000456546, time:3.64
2021-01-21 17:27:53,013 DBNet.pytorch INFO: [1/100], [5940/6416], global_step: 5940, speed: 2.8 samples/sec, acc: 0.7361, iou_shrink_map: 0.5437, loss: 1.3705loss_shrink_maps: 0.4103, loss_threshold_maps: 0.0648, loss_binary_maps: 0.3122, , lr:0.000456754, time:3.62
2021-01-21 17:27:56,671 DBNet.pytorch INFO: [1/100], [5950/6416], global_step: 5950, speed: 2.7 samples/sec, acc: 0.7361, iou_shrink_map: 0.5438, loss: 1.6364loss_shrink_maps: 0.4645, loss_threshold_maps: 0.0819, loss_binary_maps: 0.3527, , lr:0.000456962, time:3.66
2021-01-21 17:28:00,289 DBNet.pytorch INFO: [1/100], [5960/6416], global_step: 5960, speed: 2.8 samples/sec, acc: 0.7358, iou_shrink_map: 0.5439, loss: 1.7669loss_shrink_maps: 0.4591, loss_threshold_maps: 0.0933, loss_binary_maps: 0.3745, , lr:0.00045717, time:3.62
2021-01-21 17:28:03,917 DBNet.pytorch INFO: [1/100], [5970/6416], global_step: 5970, speed: 2.8 samples/sec, acc: 0.7359, iou_shrink_map: 0.5440, loss: 2.9444loss_shrink_maps: 0.7733, loss_threshold_maps: 0.1189, loss_binary_maps: 0.9825, , lr:0.000457377, time:3.63
2021-01-21 17:28:07,508 DBNet.pytorch INFO: [1/100], [5980/6416], global_step: 5980, speed: 2.8 samples/sec, acc: 0.7359, iou_shrink_map: 0.5441, loss: 1.9790loss_shrink_maps: 0.5331, loss_threshold_maps: 0.0873, loss_binary_maps: 0.5728, , lr:0.000457585, time:3.59
2021-01-21 17:28:11,093 DBNet.pytorch INFO: [1/100], [5990/6416], global_step: 5990, speed: 2.8 samples/sec, acc: 0.7358, iou_shrink_map: 0.5442, loss: 1.8570loss_shrink_maps: 0.5245, loss_threshold_maps: 0.0870, loss_binary_maps: 0.4624, , lr:0.000457793, time:3.58
2021-01-21 17:28:14,690 DBNet.pytorch INFO: [1/100], [6000/6416], global_step: 6000, speed: 2.8 samples/sec, acc: 0.7358, iou_shrink_map: 0.5443, loss: 1.8537loss_shrink_maps: 0.4750, loss_threshold_maps: 0.0925, loss_binary_maps: 0.4534, , lr:0.000458001, time:3.60
2021-01-21 17:28:18,299 DBNet.pytorch INFO: [1/100], [6010/6416], global_step: 6010, speed: 2.8 samples/sec, acc: 0.7360, iou_shrink_map: 0.5445, loss: 2.2411loss_shrink_maps: 0.5388, loss_threshold_maps: 0.1108, loss_binary_maps: 0.5945, , lr:0.000458209, time:3.61
2021-01-21 17:28:21,907 DBNet.pytorch INFO: [1/100], [6020/6416], global_step: 6020, speed: 2.8 samples/sec, acc: 0.7362, iou_shrink_map: 0.5446, loss: 3.1084loss_shrink_maps: 0.7928, loss_threshold_maps: 0.1362, loss_binary_maps: 0.9535, , lr:0.000458416, time:3.61
2021-01-21 17:28:25,504 DBNet.pytorch INFO: [1/100], [6030/6416], global_step: 6030, speed: 2.8 samples/sec, acc: 0.7363, iou_shrink_map: 0.5447, loss: 1.8544loss_shrink_maps: 0.4709, loss_threshold_maps: 0.0943, loss_binary_maps: 0.4409, , lr:0.000458624, time:3.60
2021-01-21 17:28:29,152 DBNet.pytorch INFO: [1/100], [6040/6416], global_step: 6040, speed: 2.7 samples/sec, acc: 0.7364, iou_shrink_map: 0.5448, loss: 2.0804loss_shrink_maps: 0.5961, loss_threshold_maps: 0.0901, loss_binary_maps: 0.5832, , lr:0.000458832, time:3.65
2021-01-21 17:28:32,767 DBNet.pytorch INFO: [1/100], [6050/6416], global_step: 6050, speed: 2.8 samples/sec, acc: 0.7361, iou_shrink_map: 0.5449, loss: 2.2921loss_shrink_maps: 0.5573, loss_threshold_maps: 0.0992, loss_binary_maps: 0.7430, , lr:0.00045904, time:3.61
2021-01-21 17:28:36,369 DBNet.pytorch INFO: [1/100], [6060/6416], global_step: 6060, speed: 2.8 samples/sec, acc: 0.7362, iou_shrink_map: 0.5450, loss: 3.0248loss_shrink_maps: 0.8523, loss_threshold_maps: 0.1215, loss_binary_maps: 0.9571, , lr:0.000459248, time:3.60
2021-01-21 17:28:39,961 DBNet.pytorch INFO: [1/100], [6070/6416], global_step: 6070, speed: 2.8 samples/sec, acc: 0.7360, iou_shrink_map: 0.5450, loss: 2.4068loss_shrink_maps: 0.5393, loss_threshold_maps: 0.1173, loss_binary_maps: 0.6947, , lr:0.000459456, time:3.59
2021-01-21 17:28:43,557 DBNet.pytorch INFO: [1/100], [6080/6416], global_step: 6080, speed: 2.8 samples/sec, acc: 0.7361, iou_shrink_map: 0.5452, loss: 1.6937loss_shrink_maps: 0.4800, loss_threshold_maps: 0.0889, loss_binary_maps: 0.3249, , lr:0.000459663, time:3.60
2021-01-21 17:28:47,150 DBNet.pytorch INFO: [1/100], [6090/6416], global_step: 6090, speed: 2.8 samples/sec, acc: 0.7364, iou_shrink_map: 0.5454, loss: 1.2662loss_shrink_maps: 0.3635, loss_threshold_maps: 0.0650, loss_binary_maps: 0.2526, , lr:0.000459871, time:3.59
2021-01-21 17:28:50,741 DBNet.pytorch INFO: [1/100], [6100/6416], global_step: 6100, speed: 2.8 samples/sec, acc: 0.7364, iou_shrink_map: 0.5454, loss: 2.6292loss_shrink_maps: 0.7517, loss_threshold_maps: 0.1038, loss_binary_maps: 0.8398, , lr:0.000460079, time:3.59
2021-01-21 17:28:54,342 DBNet.pytorch INFO: [1/100], [6110/6416], global_step: 6110, speed: 2.8 samples/sec, acc: 0.7363, iou_shrink_map: 0.5455, loss: 2.8356loss_shrink_maps: 0.7450, loss_threshold_maps: 0.1171, loss_binary_maps: 0.9195, , lr:0.000460287, time:3.60
2021-01-21 17:28:57,935 DBNet.pytorch INFO: [1/100], [6120/6416], global_step: 6120, speed: 2.8 samples/sec, acc: 0.7362, iou_shrink_map: 0.5456, loss: 2.2215loss_shrink_maps: 0.5545, loss_threshold_maps: 0.0949, loss_binary_maps: 0.7180, , lr:0.000460495, time:3.59
2021-01-21 17:29:01,535 DBNet.pytorch INFO: [1/100], [6130/6416], global_step: 6130, speed: 2.8 samples/sec, acc: 0.7364, iou_shrink_map: 0.5458, loss: 1.1266loss_shrink_maps: 0.3691, loss_threshold_maps: 0.0582, loss_binary_maps: 0.1751, , lr:0.000460702, time:3.60
2021-01-21 17:29:05,130 DBNet.pytorch INFO: [1/100], [6140/6416], global_step: 6140, speed: 2.8 samples/sec, acc: 0.7366, iou_shrink_map: 0.5460, loss: 1.4218loss_shrink_maps: 0.4730, loss_threshold_maps: 0.0549, loss_binary_maps: 0.4002, , lr:0.00046091, time:3.60
2021-01-21 17:29:08,708 DBNet.pytorch INFO: [1/100], [6150/6416], global_step: 6150, speed: 2.8 samples/sec, acc: 0.7367, iou_shrink_map: 0.5461, loss: 1.2672loss_shrink_maps: 0.3687, loss_threshold_maps: 0.0670, loss_binary_maps: 0.2284, , lr:0.000461118, time:3.58
2021-01-21 17:29:12,303 DBNet.pytorch INFO: [1/100], [6160/6416], global_step: 6160, speed: 2.8 samples/sec, acc: 0.7368, iou_shrink_map: 0.5462, loss: 2.0430loss_shrink_maps: 0.5369, loss_threshold_maps: 0.0892, loss_binary_maps: 0.6140, , lr:0.000461326, time:3.59
2021-01-21 17:29:15,911 DBNet.pytorch INFO: [1/100], [6170/6416], global_step: 6170, speed: 2.8 samples/sec, acc: 0.7369, iou_shrink_map: 0.5463, loss: 2.2424loss_shrink_maps: 0.5479, loss_threshold_maps: 0.1120, loss_binary_maps: 0.5746, , lr:0.000461534, time:3.61
2021-01-21 17:29:19,517 DBNet.pytorch INFO: [1/100], [6180/6416], global_step: 6180, speed: 2.8 samples/sec, acc: 0.7370, iou_shrink_map: 0.5465, loss: 1.2326loss_shrink_maps: 0.3423, loss_threshold_maps: 0.0672, loss_binary_maps: 0.2184, , lr:0.000461741, time:3.61
2021-01-21 17:29:23,126 DBNet.pytorch INFO: [1/100], [6190/6416], global_step: 6190, speed: 2.8 samples/sec, acc: 0.7371, iou_shrink_map: 0.5466, loss: 1.7344loss_shrink_maps: 0.4808, loss_threshold_maps: 0.0824, loss_binary_maps: 0.4291, , lr:0.000461949, time:3.61
2021-01-21 17:29:26,711 DBNet.pytorch INFO: [1/100], [6200/6416], global_step: 6200, speed: 2.8 samples/sec, acc: 0.7371, iou_shrink_map: 0.5467, loss: 1.9163loss_shrink_maps: 0.5050, loss_threshold_maps: 0.0921, loss_binary_maps: 0.4905, , lr:0.000462157, time:3.59
2021-01-21 17:29:30,302 DBNet.pytorch INFO: [1/100], [6210/6416], global_step: 6210, speed: 2.8 samples/sec, acc: 0.7372, iou_shrink_map: 0.5468, loss: 1.4410loss_shrink_maps: 0.4372, loss_threshold_maps: 0.0627, loss_binary_maps: 0.3765, , lr:0.000462365, time:3.59
2021-01-21 17:29:33,913 DBNet.pytorch INFO: [1/100], [6220/6416], global_step: 6220, speed: 2.8 samples/sec, acc: 0.7372, iou_shrink_map: 0.5469, loss: 2.6004loss_shrink_maps: 0.7058, loss_threshold_maps: 0.0932, loss_binary_maps: 0.9622, , lr:0.000462573, time:3.61
2021-01-21 17:29:37,517 DBNet.pytorch INFO: [1/100], [6230/6416], global_step: 6230, speed: 2.8 samples/sec, acc: 0.7370, iou_shrink_map: 0.5470, loss: 1.6788loss_shrink_maps: 0.4898, loss_threshold_maps: 0.0724, loss_binary_maps: 0.4650, , lr:0.000462781, time:3.60
2021-01-21 17:29:41,110 DBNet.pytorch INFO: [1/100], [6240/6416], global_step: 6240, speed: 2.8 samples/sec, acc: 0.7370, iou_shrink_map: 0.5471, loss: 2.1848loss_shrink_maps: 0.5466, loss_threshold_maps: 0.0948, loss_binary_maps: 0.6903, , lr:0.000462988, time:3.59
2021-01-21 17:29:44,713 DBNet.pytorch INFO: [1/100], [6250/6416], global_step: 6250, speed: 2.8 samples/sec, acc: 0.7372, iou_shrink_map: 0.5473, loss: 1.4057loss_shrink_maps: 0.4023, loss_threshold_maps: 0.0686, loss_binary_maps: 0.3173, , lr:0.000463196, time:3.60
2021-01-21 17:29:48,307 DBNet.pytorch INFO: [1/100], [6260/6416], global_step: 6260, speed: 2.8 samples/sec, acc: 0.7374, iou_shrink_map: 0.5474, loss: 1.6564loss_shrink_maps: 0.4414, loss_threshold_maps: 0.0830, loss_binary_maps: 0.3848, , lr:0.000463404, time:3.59
2021-01-21 17:29:51,888 DBNet.pytorch INFO: [1/100], [6270/6416], global_step: 6270, speed: 2.8 samples/sec, acc: 0.7375, iou_shrink_map: 0.5474, loss: 2.4288loss_shrink_maps: 0.6392, loss_threshold_maps: 0.1096, loss_binary_maps: 0.6936, , lr:0.000463612, time:3.58
2021-01-21 17:29:55,476 DBNet.pytorch INFO: [1/100], [6280/6416], global_step: 6280, speed: 2.8 samples/sec, acc: 0.7374, iou_shrink_map: 0.5476, loss: 2.1048loss_shrink_maps: 0.6436, loss_threshold_maps: 0.0810, loss_binary_maps: 0.6509, , lr:0.00046382, time:3.59
2021-01-21 17:29:59,062 DBNet.pytorch INFO: [1/100], [6290/6416], global_step: 6290, speed: 2.8 samples/sec, acc: 0.7376, iou_shrink_map: 0.5477, loss: 1.7650loss_shrink_maps: 0.4294, loss_threshold_maps: 0.0919, loss_binary_maps: 0.4170, , lr:0.000464027, time:3.59
2021-01-21 17:30:02,648 DBNet.pytorch INFO: [1/100], [6300/6416], global_step: 6300, speed: 2.8 samples/sec, acc: 0.7376, iou_shrink_map: 0.5478, loss: 1.6918loss_shrink_maps: 0.4490, loss_threshold_maps: 0.0831, loss_binary_maps: 0.4113, , lr:0.000464235, time:3.59
2021-01-21 17:30:06,473 DBNet.pytorch INFO: [1/100], [6310/6416], global_step: 6310, speed: 2.6 samples/sec, acc: 0.7376, iou_shrink_map: 0.5479, loss: 1.5667loss_shrink_maps: 0.4653, loss_threshold_maps: 0.0708, loss_binary_maps: 0.3937, , lr:0.000464443, time:3.82
2021-01-21 17:30:10,076 DBNet.pytorch INFO: [1/100], [6320/6416], global_step: 6320, speed: 2.8 samples/sec, acc: 0.7376, iou_shrink_map: 0.5481, loss: 1.3787loss_shrink_maps: 0.3494, loss_threshold_maps: 0.0777, loss_binary_maps: 0.2520, , lr:0.000464651, time:3.60
2021-01-21 17:30:13,674 DBNet.pytorch INFO: [1/100], [6330/6416], global_step: 6330, speed: 2.8 samples/sec, acc: 0.7377, iou_shrink_map: 0.5482, loss: 2.0805loss_shrink_maps: 0.5383, loss_threshold_maps: 0.0865, loss_binary_maps: 0.6774, , lr:0.000464859, time:3.60
2021-01-21 17:30:17,274 DBNet.pytorch INFO: [1/100], [6340/6416], global_step: 6340, speed: 2.8 samples/sec, acc: 0.7379, iou_shrink_map: 0.5483, loss: 1.0722loss_shrink_maps: 0.3136, loss_threshold_maps: 0.0565, loss_binary_maps: 0.1934, , lr:0.000465067, time:3.60
2021-01-21 17:30:20,868 DBNet.pytorch INFO: [1/100], [6350/6416], global_step: 6350, speed: 2.8 samples/sec, acc: 0.7379, iou_shrink_map: 0.5484, loss: 1.0322loss_shrink_maps: 0.3260, loss_threshold_maps: 0.0546, loss_binary_maps: 0.1598, , lr:0.000465274, time:3.59
2021-01-21 17:30:24,465 DBNet.pytorch INFO: [1/100], [6360/6416], global_step: 6360, speed: 2.8 samples/sec, acc: 0.7377, iou_shrink_map: 0.5485, loss: 1.2196loss_shrink_maps: 0.3883, loss_threshold_maps: 0.0736, loss_binary_maps: 0.0953, , lr:0.000465482, time:3.60
2021-01-21 17:30:28,063 DBNet.pytorch INFO: [1/100], [6370/6416], global_step: 6370, speed: 2.8 samples/sec, acc: 0.7377, iou_shrink_map: 0.5486, loss: 2.6214loss_shrink_maps: 0.6441, loss_threshold_maps: 0.1136, loss_binary_maps: 0.8409, , lr:0.00046569, time:3.60
2021-01-21 17:30:31,647 DBNet.pytorch INFO: [1/100], [6380/6416], global_step: 6380, speed: 2.8 samples/sec, acc: 0.7377, iou_shrink_map: 0.5486, loss: 2.7562loss_shrink_maps: 0.7138, loss_threshold_maps: 0.1069, loss_binary_maps: 0.9729, , lr:0.000465898, time:3.58
2021-01-21 17:30:35,227 DBNet.pytorch INFO: [1/100], [6390/6416], global_step: 6390, speed: 2.8 samples/sec, acc: 0.7378, iou_shrink_map: 0.5488, loss: 2.9731loss_shrink_maps: 0.8376, loss_threshold_maps: 0.1144, loss_binary_maps: 0.9918, , lr:0.000466106, time:3.58
2021-01-21 17:30:38,828 DBNet.pytorch INFO: [1/100], [6400/6416], global_step: 6400, speed: 2.8 samples/sec, acc: 0.7379, iou_shrink_map: 0.5489, loss: 1.5686loss_shrink_maps: 0.4739, loss_threshold_maps: 0.0670, loss_binary_maps: 0.4250, , lr:0.000466313, time:3.60
2021-01-21 17:30:42,419 DBNet.pytorch INFO: [1/100], [6410/6416], global_step: 6410, speed: 2.8 samples/sec, acc: 0.7380, iou_shrink_map: 0.5490, loss: 1.3896loss_shrink_maps: 0.4357, loss_threshold_maps: 0.0605, loss_binary_maps: 0.3488, , lr:0.000466521, time:3.59
2021-01-21 17:30:44,943 DBNet.pytorch INFO: [1/100], train_loss: 2.0394, time: 2327.8405, lr: 0.000466645885286783
2021-01-21 17:40:34,340 DBNet.pytorch INFO: train with device cuda:0 and pytorch 1.7.1
2021-01-21 17:40:35,305 DBNet.pytorch INFO: train dataset has 802 samples,802 in dataloader, validate dataset has 7218 samples,7218 in dataloader
2021-01-21 17:40:46,850 DBNet.pytorch INFO: [1/100], [10/802], global_step: 10, speed: 0.9 samples/sec, acc: 0.5122, iou_shrink_map: 0.1377, loss: 3.8610loss_shrink_maps: 1.4433, loss_threshold_maps: 0.1452, loss_binary_maps: 0.9661, , lr:0.00033483, time:11.54
2021-01-21 17:40:50,510 DBNet.pytorch INFO: [1/100], [20/802], global_step: 20, speed: 2.7 samples/sec, acc: 0.5451, iou_shrink_map: 0.1148, loss: 2.9513loss_shrink_maps: 0.8370, loss_threshold_maps: 0.1147, loss_binary_maps: 0.9674, , lr:0.000336492, time:3.66
2021-01-21 17:40:54,077 DBNet.pytorch INFO: [1/100], [30/802], global_step: 30, speed: 2.8 samples/sec, acc: 0.5416, iou_shrink_map: 0.0920, loss: 2.6551loss_shrink_maps: 0.6811, loss_threshold_maps: 0.1091, loss_binary_maps: 0.8833, , lr:0.000338155, time:3.57
2021-01-21 17:40:57,683 DBNet.pytorch INFO: [1/100], [40/802], global_step: 40, speed: 2.8 samples/sec, acc: 0.5359, iou_shrink_map: 0.0779, loss: 2.6222loss_shrink_maps: 0.6542, loss_threshold_maps: 0.1120, loss_binary_maps: 0.8485, , lr:0.000339817, time:3.61
2021-01-21 17:41:01,273 DBNet.pytorch INFO: [1/100], [50/802], global_step: 50, speed: 2.8 samples/sec, acc: 0.5353, iou_shrink_map: 0.0704, loss: 2.7844loss_shrink_maps: 0.6348, loss_threshold_maps: 0.1275, loss_binary_maps: 0.8750, , lr:0.00034148, time:3.59
2021-01-21 17:41:04,836 DBNet.pytorch INFO: [1/100], [60/802], global_step: 60, speed: 2.8 samples/sec, acc: 0.5350, iou_shrink_map: 0.0663, loss: 2.6344loss_shrink_maps: 0.6495, loss_threshold_maps: 0.1245, loss_binary_maps: 0.7401, , lr:0.000343142, time:3.56
2021-01-21 17:41:08,402 DBNet.pytorch INFO: [1/100], [70/802], global_step: 70, speed: 2.8 samples/sec, acc: 0.5299, iou_shrink_map: 0.0629, loss: 2.5977loss_shrink_maps: 0.6429, loss_threshold_maps: 0.1119, loss_binary_maps: 0.8360, , lr:0.000344805, time:3.57
2021-01-21 17:41:11,958 DBNet.pytorch INFO: [1/100], [80/802], global_step: 80, speed: 2.8 samples/sec, acc: 0.5297, iou_shrink_map: 0.0604, loss: 2.2003loss_shrink_maps: 0.6229, loss_threshold_maps: 0.1040, loss_binary_maps: 0.5370, , lr:0.000346467, time:3.56
2021-01-21 17:41:15,517 DBNet.pytorch INFO: [1/100], [90/802], global_step: 90, speed: 2.8 samples/sec, acc: 0.5300, iou_shrink_map: 0.0598, loss: 2.8185loss_shrink_maps: 0.5967, loss_threshold_maps: 0.1348, loss_binary_maps: 0.8743, , lr:0.00034813, time:3.56
2021-01-21 17:41:19,080 DBNet.pytorch INFO: [1/100], [100/802], global_step: 100, speed: 2.8 samples/sec, acc: 0.5311, iou_shrink_map: 0.0592, loss: 2.6686loss_shrink_maps: 0.6169, loss_threshold_maps: 0.1263, loss_binary_maps: 0.7886, , lr:0.000349792, time:3.56
2021-01-21 17:41:22,638 DBNet.pytorch INFO: [1/100], [110/802], global_step: 110, speed: 2.8 samples/sec, acc: 0.5352, iou_shrink_map: 0.0626, loss: 2.2140loss_shrink_maps: 0.5873, loss_threshold_maps: 0.0974, loss_binary_maps: 0.6524, , lr:0.000351455, time:3.56
2021-01-21 17:41:26,202 DBNet.pytorch INFO: [1/100], [120/802], global_step: 120, speed: 2.8 samples/sec, acc: 0.5394, iou_shrink_map: 0.0662, loss: 2.1490loss_shrink_maps: 0.5714, loss_threshold_maps: 0.0972, loss_binary_maps: 0.6058, , lr:0.000353117, time:3.56
2021-01-21 17:41:29,764 DBNet.pytorch INFO: [1/100], [130/802], global_step: 130, speed: 2.8 samples/sec, acc: 0.5439, iou_shrink_map: 0.0700, loss: 3.0228loss_shrink_maps: 0.7489, loss_threshold_maps: 0.1274, loss_binary_maps: 1.0000, , lr:0.00035478, time:3.56
2021-01-21 17:41:33,351 DBNet.pytorch INFO: [1/100], [140/802], global_step: 140, speed: 2.8 samples/sec, acc: 0.5476, iou_shrink_map: 0.0734, loss: 2.3992loss_shrink_maps: 0.6005, loss_threshold_maps: 0.1069, loss_binary_maps: 0.7296, , lr:0.000356442, time:3.59
2021-01-21 17:41:36,931 DBNet.pytorch INFO: [1/100], [150/802], global_step: 150, speed: 2.8 samples/sec, acc: 0.5486, iou_shrink_map: 0.0763, loss: 2.5027loss_shrink_maps: 0.5855, loss_threshold_maps: 0.1119, loss_binary_maps: 0.7983, , lr:0.000358105, time:3.58
2021-01-21 17:41:40,542 DBNet.pytorch INFO: [1/100], [160/802], global_step: 160, speed: 2.8 samples/sec, acc: 0.5516, iou_shrink_map: 0.0806, loss: 2.3863loss_shrink_maps: 0.6063, loss_threshold_maps: 0.1079, loss_binary_maps: 0.7013, , lr:0.000359767, time:3.61
2021-01-21 17:41:44,104 DBNet.pytorch INFO: [1/100], [170/802], global_step: 170, speed: 2.8 samples/sec, acc: 0.5555, iou_shrink_map: 0.0840, loss: 2.4048loss_shrink_maps: 0.6445, loss_threshold_maps: 0.1101, loss_binary_maps: 0.6596, , lr:0.00036143, time:3.56
2021-01-21 17:41:47,677 DBNet.pytorch INFO: [1/100], [180/802], global_step: 180, speed: 2.8 samples/sec, acc: 0.5590, iou_shrink_map: 0.0870, loss: 2.3081loss_shrink_maps: 0.6301, loss_threshold_maps: 0.0946, loss_binary_maps: 0.7317, , lr:0.000363092, time:3.57
2021-01-21 17:41:51,260 DBNet.pytorch INFO: [1/100], [190/802], global_step: 190, speed: 2.8 samples/sec, acc: 0.5624, iou_shrink_map: 0.0913, loss: 2.5800loss_shrink_maps: 0.5719, loss_threshold_maps: 0.1084, loss_binary_maps: 0.9245, , lr:0.000364755, time:3.58
2021-01-21 17:41:54,861 DBNet.pytorch INFO: [1/100], [200/802], global_step: 200, speed: 2.8 samples/sec, acc: 0.5668, iou_shrink_map: 0.0958, loss: 1.8226loss_shrink_maps: 0.5387, loss_threshold_maps: 0.0911, loss_binary_maps: 0.3732, , lr:0.000366417, time:3.60
2021-01-21 17:41:58,474 DBNet.pytorch INFO: [1/100], [210/802], global_step: 210, speed: 2.8 samples/sec, acc: 0.5705, iou_shrink_map: 0.1052, loss: 2.6703loss_shrink_maps: 0.6023, loss_threshold_maps: 0.1176, loss_binary_maps: 0.8917, , lr:0.00036808, time:3.61
2021-01-21 17:42:02,061 DBNet.pytorch INFO: [1/100], [220/802], global_step: 220, speed: 2.8 samples/sec, acc: 0.5729, iou_shrink_map: 0.1178, loss: 2.8336loss_shrink_maps: 0.6997, loss_threshold_maps: 0.1306, loss_binary_maps: 0.8279, , lr:0.000369742, time:3.59
2021-01-21 17:42:05,657 DBNet.pytorch INFO: [1/100], [230/802], global_step: 230, speed: 2.8 samples/sec, acc: 0.5800, iou_shrink_map: 0.1315, loss: 2.7563loss_shrink_maps: 0.5691, loss_threshold_maps: 0.1313, loss_binary_maps: 0.8742, , lr:0.000371405, time:3.60
2021-01-21 17:42:09,237 DBNet.pytorch INFO: [1/100], [240/802], global_step: 240, speed: 2.8 samples/sec, acc: 0.5879, iou_shrink_map: 0.1457, loss: 1.6894loss_shrink_maps: 0.5622, loss_threshold_maps: 0.0824, loss_binary_maps: 0.3029, , lr:0.000373067, time:3.58
2021-01-21 17:42:12,819 DBNet.pytorch INFO: [1/100], [250/802], global_step: 250, speed: 2.8 samples/sec, acc: 0.5980, iou_shrink_map: 0.1596, loss: 2.0045loss_shrink_maps: 0.5438, loss_threshold_maps: 0.0953, loss_binary_maps: 0.5073, , lr:0.00037473, time:3.58
2021-01-21 17:42:16,386 DBNet.pytorch INFO: [1/100], [260/802], global_step: 260, speed: 2.8 samples/sec, acc: 0.6005, iou_shrink_map: 0.1727, loss: 1.7431loss_shrink_maps: 0.5343, loss_threshold_maps: 0.0743, loss_binary_maps: 0.4655, , lr:0.000376392, time:3.57
2021-01-21 17:42:19,963 DBNet.pytorch INFO: [1/100], [270/802], global_step: 270, speed: 2.8 samples/sec, acc: 0.6091, iou_shrink_map: 0.1847, loss: 2.3050loss_shrink_maps: 0.6314, loss_threshold_maps: 0.0958, loss_binary_maps: 0.7159, , lr:0.000378055, time:3.58
2021-01-21 17:42:23,539 DBNet.pytorch INFO: [1/100], [280/802], global_step: 280, speed: 2.8 samples/sec, acc: 0.6150, iou_shrink_map: 0.1960, loss: 2.2162loss_shrink_maps: 0.5862, loss_threshold_maps: 0.0920, loss_binary_maps: 0.7099, , lr:0.000379717, time:3.58
2021-01-21 17:42:27,126 DBNet.pytorch INFO: [1/100], [290/802], global_step: 290, speed: 2.8 samples/sec, acc: 0.6223, iou_shrink_map: 0.2066, loss: 1.5102loss_shrink_maps: 0.5118, loss_threshold_maps: 0.0735, loss_binary_maps: 0.2629, , lr:0.00038138, time:3.59
2021-01-21 17:42:30,714 DBNet.pytorch INFO: [1/100], [300/802], global_step: 300, speed: 2.8 samples/sec, acc: 0.6253, iou_shrink_map: 0.2162, loss: 2.5079loss_shrink_maps: 0.6213, loss_threshold_maps: 0.1048, loss_binary_maps: 0.8385, , lr:0.000383042, time:3.59
2021-01-21 17:42:50,764 DBNet.pytorch INFO: train with device cuda:0 and pytorch 1.7.1
2021-01-21 17:42:51,758 DBNet.pytorch INFO: train dataset has 80 samples,80 in dataloader, validate dataset has 7940 samples,7940 in dataloader
2021-01-21 17:43:03,159 DBNet.pytorch INFO: [1/100], [10/80], global_step: 10, speed: 0.9 samples/sec, acc: 0.5023, iou_shrink_map: 0.0348, loss: 3.9674loss_shrink_maps: 1.8116, loss_threshold_maps: 0.1217, loss_binary_maps: 0.9393, , lr:0.000348333, time:11.40
2021-01-21 17:43:06,751 DBNet.pytorch INFO: [1/100], [20/80], global_step: 20, speed: 2.8 samples/sec, acc: 0.5070, iou_shrink_map: 0.0306, loss: 3.2148loss_shrink_maps: 1.0781, loss_threshold_maps: 0.1249, loss_binary_maps: 0.8881, , lr:0.000365, time:3.59
2021-01-21 17:43:10,329 DBNet.pytorch INFO: [1/100], [30/80], global_step: 30, speed: 2.8 samples/sec, acc: 0.5093, iou_shrink_map: 0.0299, loss: 3.0083loss_shrink_maps: 0.9248, loss_threshold_maps: 0.1126, loss_binary_maps: 0.9573, , lr:0.000381667, time:3.58
2021-01-21 17:43:13,905 DBNet.pytorch INFO: [1/100], [40/80], global_step: 40, speed: 2.8 samples/sec, acc: 0.5111, iou_shrink_map: 0.0311, loss: 2.9117loss_shrink_maps: 0.8363, loss_threshold_maps: 0.1134, loss_binary_maps: 0.9411, , lr:0.000398333, time:3.58
2021-01-21 17:43:17,503 DBNet.pytorch INFO: [1/100], [50/80], global_step: 50, speed: 2.8 samples/sec, acc: 0.5115, iou_shrink_map: 0.0304, loss: 2.7785loss_shrink_maps: 0.7431, loss_threshold_maps: 0.1167, loss_binary_maps: 0.8679, , lr:0.000415, time:3.60
2021-01-21 17:43:21,085 DBNet.pytorch INFO: [1/100], [60/80], global_step: 60, speed: 2.8 samples/sec, acc: 0.5116, iou_shrink_map: 0.0288, loss: 2.8413loss_shrink_maps: 0.7272, loss_threshold_maps: 0.1149, loss_binary_maps: 0.9654, , lr:0.000431667, time:3.58
2021-01-21 17:43:24,677 DBNet.pytorch INFO: [1/100], [70/80], global_step: 70, speed: 2.8 samples/sec, acc: 0.5116, iou_shrink_map: 0.0281, loss: 2.6955loss_shrink_maps: 0.6841, loss_threshold_maps: 0.1175, loss_binary_maps: 0.8364, , lr:0.000448333, time:3.59
2021-01-21 17:43:28,249 DBNet.pytorch INFO: [1/100], [80/80], global_step: 80, speed: 2.8 samples/sec, acc: 0.5120, iou_shrink_map: 0.0281, loss: 2.7457loss_shrink_maps: 0.7278, loss_threshold_maps: 0.1112, loss_binary_maps: 0.9058, , lr:0.000465, time:3.57
2021-01-21 17:43:28,414 DBNet.pytorch INFO: [1/100], train_loss: 3.3460, time: 36.6562, lr: 0.00046499999999999997
2021-01-21 17:49:25,077 DBNet.pytorch INFO: train with device cuda:0 and pytorch 1.7.1
2021-01-21 17:49:26,049 DBNet.pytorch INFO: Loading checkpoint:result/DBNet_atros_resnet18_SPP_DBHead/model_latest.path
2021-01-21 17:50:34,329 DBNet.pytorch INFO: train with device cuda:0 and pytorch 1.7.1
2021-01-21 17:50:35,305 DBNet.pytorch INFO: Loading checkpoint:result/DBNet_atros_resnet18_SPP_DBHead/model_latest.path
2021-01-21 17:52:02,415 DBNet.pytorch INFO: train with device cuda:0 and pytorch 1.7.1
2021-01-21 17:52:03,408 DBNet.pytorch INFO: Loading checkpoint:D:\workspace\OCR_server\DBnet\result\DBNet_atros_resnet18_SPP_DBHead\checkpoints/model_latest.pth
2021-01-21 17:55:45,025 DBNet.pytorch INFO: train with device cuda:0 and pytorch 1.7.1
2021-01-21 17:55:46,003 DBNet.pytorch INFO: Loading checkpoint:D:\workspace\OCR_server\DBnet\result\DBNet_atros_resnet18_SPP_DBHead\checkpoints/model_latest.pth
2021-01-21 18:05:56,349 DBNet.pytorch INFO: train with device cuda:0 and pytorch 1.7.1
2021-01-21 18:05:57,327 DBNet.pytorch INFO: Loading checkpoint:D:\workspace\OCR_server\DBnet\result\DBNet_atros_resnet18_SPP_DBHead\checkpoints\model_latest.pth
2021-01-21 18:06:50,998 DBNet.pytorch INFO: train with device cuda:0 and pytorch 1.7.1
2021-01-21 18:06:51,982 DBNet.pytorch INFO: Loading checkpoint:D:\workspace\OCR_server\DBnet\result\DBNet_atros_resnet18_SPP_DBHead\checkpoints\model_latest.pth
2021-01-21 18:09:34,226 DBNet.pytorch INFO: train with device cuda:0 and pytorch 1.7.1
2021-01-21 18:10:15,777 DBNet.pytorch INFO: train with device cuda:0 and pytorch 1.7.1
2021-01-21 18:10:16,753 DBNet.pytorch INFO: Loading checkpoint:D:\workspace\OCR_server\DBnet\result\DBNet_atros_resnet18_SPP_DBHead\checkpoints\model_latest.pth
2021-01-21 18:10:17,006 DBNet.pytorch INFO: resume from checkpoint D:\workspace\OCR_server\DBnet\result\DBNet_atros_resnet18_SPP_DBHead\checkpoints\model_latest.pth (epoch 1)
2021-01-21 18:10:17,025 DBNet.pytorch INFO: train dataset has 80 samples,80 in dataloader, validate dataset has 7940 samples,7940 in dataloader
2021-01-21 18:10:28,081 DBNet.pytorch INFO: [2/100], [10/80], global_step: 90, speed: 0.9 samples/sec, acc: 0.5181, iou_shrink_map: 0.0306, loss: 2.7066loss_shrink_maps: 0.6870, loss_threshold_maps: 0.1132, loss_binary_maps: 0.8881, , lr:0.000466667, time:11.06
2021-01-21 18:10:31,654 DBNet.pytorch INFO: [2/100], [20/80], global_step: 100, speed: 2.8 samples/sec, acc: 0.5192, iou_shrink_map: 0.0328, loss: 2.6999loss_shrink_maps: 0.6607, loss_threshold_maps: 0.1125, loss_binary_maps: 0.9140, , lr:0.000466667, time:3.57
2021-01-21 18:10:35,220 DBNet.pytorch INFO: [2/100], [30/80], global_step: 110, speed: 2.8 samples/sec, acc: 0.5197, iou_shrink_map: 0.0324, loss: 2.7049loss_shrink_maps: 0.6499, loss_threshold_maps: 0.1124, loss_binary_maps: 0.9310, , lr:0.000466667, time:3.57
2021-01-21 18:10:38,827 DBNet.pytorch INFO: [2/100], [40/80], global_step: 120, speed: 2.8 samples/sec, acc: 0.5195, iou_shrink_map: 0.0330, loss: 2.1282loss_shrink_maps: 0.6142, loss_threshold_maps: 0.0939, loss_binary_maps: 0.5750, , lr:0.000466667, time:3.61
2021-01-21 18:10:42,392 DBNet.pytorch INFO: [2/100], [50/80], global_step: 130, speed: 2.8 samples/sec, acc: 0.5195, iou_shrink_map: 0.0336, loss: 2.4101loss_shrink_maps: 0.6159, loss_threshold_maps: 0.1077, loss_binary_maps: 0.7174, , lr:0.000466667, time:3.56
2021-01-21 18:10:45,943 DBNet.pytorch INFO: [2/100], [60/80], global_step: 140, speed: 2.8 samples/sec, acc: 0.5194, iou_shrink_map: 0.0321, loss: 2.6379loss_shrink_maps: 0.6244, loss_threshold_maps: 0.1163, loss_binary_maps: 0.8502, , lr:0.000466667, time:3.55
2021-01-21 18:10:49,513 DBNet.pytorch INFO: [2/100], [70/80], global_step: 150, speed: 2.8 samples/sec, acc: 0.5192, iou_shrink_map: 0.0325, loss: 2.7372loss_shrink_maps: 0.6233, loss_threshold_maps: 0.1173, loss_binary_maps: 0.9405, , lr:0.000466667, time:3.57
2021-01-21 18:10:53,101 DBNet.pytorch INFO: [2/100], [80/80], global_step: 160, speed: 2.8 samples/sec, acc: 0.5196, iou_shrink_map: 0.0332, loss: 2.5521loss_shrink_maps: 0.6680, loss_threshold_maps: 0.1059, loss_binary_maps: 0.8246, , lr:0.000466667, time:3.59
2021-01-21 18:10:53,313 DBNet.pytorch INFO: [2/100], train_loss: 2.6740, time: 36.2868, lr: 0.00046666666666666666
2021-01-21 18:13:08,819 DBNet.pytorch INFO: train with device cuda:0 and pytorch 1.7.1
2021-01-21 18:13:09,807 DBNet.pytorch INFO: Loading checkpoint:D:\workspace\OCR_server\DBnet\result\DBNet_atros_resnet18_SPP_DBHead\checkpoints\model_latest.pth
2021-01-22 10:40:36,006 DBNet.pytorch INFO: train with device cuda:0 and pytorch 1.7.1
2021-01-22 10:40:37,835 DBNet.pytorch INFO: train dataset has 80 samples,80 in dataloader, validate dataset has 7940 samples,7940 in dataloader
2021-01-22 10:40:50,160 DBNet.pytorch INFO: [1/100], [10/80], global_step: 10, speed: 0.8 samples/sec, acc: 0.5054, iou_shrink_map: 0.1163, loss: 3.3557loss_shrink_maps: 1.1290, loss_threshold_maps: 0.1317, loss_binary_maps: 0.9092, , lr:0.000348333, time:12.32
2021-01-22 10:40:53,728 DBNet.pytorch INFO: [1/100], [20/80], global_step: 20, speed: 2.8 samples/sec, acc: 0.5251, iou_shrink_map: 0.0866, loss: 3.0730loss_shrink_maps: 0.8464, loss_threshold_maps: 0.1350, loss_binary_maps: 0.8765, , lr:0.000365, time:3.57
2021-01-22 10:40:57,256 DBNet.pytorch INFO: [1/100], [30/80], global_step: 30, speed: 2.8 samples/sec, acc: 0.5000, iou_shrink_map: 0.0677, loss: 2.8152loss_shrink_maps: 0.7357, loss_threshold_maps: 0.1127, loss_binary_maps: 0.9521, , lr:0.000381667, time:3.53
2021-01-22 10:41:00,794 DBNet.pytorch INFO: [1/100], [40/80], global_step: 40, speed: 2.8 samples/sec, acc: 0.5035, iou_shrink_map: 0.0572, loss: 2.7426loss_shrink_maps: 0.6880, loss_threshold_maps: 0.1158, loss_binary_maps: 0.8967, , lr:0.000398333, time:3.54
2021-01-22 10:41:04,322 DBNet.pytorch INFO: [1/100], [50/80], global_step: 50, speed: 2.8 samples/sec, acc: 0.4981, iou_shrink_map: 0.0509, loss: 2.5518loss_shrink_maps: 0.6548, loss_threshold_maps: 0.1160, loss_binary_maps: 0.7367, , lr:0.000415, time:3.53
2021-01-22 10:41:07,860 DBNet.pytorch INFO: [1/100], [60/80], global_step: 60, speed: 2.8 samples/sec, acc: 0.4987, iou_shrink_map: 0.0468, loss: 2.7566loss_shrink_maps: 0.6640, loss_threshold_maps: 0.1177, loss_binary_maps: 0.9157, , lr:0.000431667, time:3.54
2021-01-22 10:41:11,412 DBNet.pytorch INFO: [1/100], [70/80], global_step: 70, speed: 2.8 samples/sec, acc: 0.5008, iou_shrink_map: 0.0451, loss: 2.6938loss_shrink_maps: 0.6445, loss_threshold_maps: 0.1213, loss_binary_maps: 0.8365, , lr:0.000448333, time:3.55
2021-01-22 10:41:14,952 DBNet.pytorch INFO: [1/100], [80/80], global_step: 80, speed: 2.8 samples/sec, acc: 0.5038, iou_shrink_map: 0.0443, loss: 2.6255loss_shrink_maps: 0.6285, loss_threshold_maps: 0.1074, loss_binary_maps: 0.9225, , lr:0.000465, time:3.54
2021-01-22 10:41:15,132 DBNet.pytorch INFO: [1/100], train_loss: 3.0805, time: 37.2972, lr: 0.00046499999999999997
2021-01-22 16:36:48,847 DBNet.pytorch INFO: train with device cuda:0 and pytorch 1.7.1
2021-01-22 16:36:49,876 DBNet.pytorch INFO: train dataset has 80 samples,80 in dataloader, validate dataset has 7940 samples,7940 in dataloader
2021-01-22 16:37:27,665 DBNet.pytorch INFO: train with device cuda:0 and pytorch 1.7.1
2021-01-22 16:37:28,658 DBNet.pytorch INFO: train dataset has 80 samples,80 in dataloader, validate dataset has 7940 samples,7940 in dataloader
2021-01-22 16:38:28,663 DBNet.pytorch INFO: train with device cuda:0 and pytorch 1.7.1
2021-01-22 16:38:29,660 DBNet.pytorch INFO: train dataset has 80 samples,80 in dataloader, validate dataset has 7940 samples,7940 in dataloader
2021-01-22 16:38:54,775 DBNet.pytorch INFO: train with device cuda:0 and pytorch 1.7.1
2021-01-22 16:38:55,757 DBNet.pytorch INFO: train dataset has 80 samples,80 in dataloader, validate dataset has 7940 samples,7940 in dataloader
2021-01-22 16:40:23,680 DBNet.pytorch INFO: train with device cuda:0 and pytorch 1.7.1
2021-01-22 16:40:24,659 DBNet.pytorch INFO: train dataset has 80 samples,80 in dataloader, validate dataset has 7940 samples,7940 in dataloader
2021-01-22 16:56:17,243 DBNet.pytorch INFO: train with device cuda:0 and pytorch 1.7.1
2021-01-22 16:56:18,297 DBNet.pytorch INFO: train dataset has 80 samples,80 in dataloader, validate dataset has 7940 samples,7940 in dataloader
2021-01-22 16:56:29,766 DBNet.pytorch INFO: [1/100], [10/80], global_step: 10, speed: 0.9 samples/sec, acc: 0.5252, iou_shrink_map: 0.2100, loss: 3.6211loss_shrink_maps: 1.1100, loss_threshold_maps: 0.1608, loss_binary_maps: 0.9032, , lr:0.000348333, time:11.47
2021-01-22 16:56:33,316 DBNet.pytorch INFO: [1/100], [20/80], global_step: 20, speed: 2.8 samples/sec, acc: 0.5519, iou_shrink_map: 0.1472, loss: 2.8336loss_shrink_maps: 0.7581, loss_threshold_maps: 0.1338, loss_binary_maps: 0.7375, , lr:0.000365, time:3.55
2021-01-22 16:56:36,815 DBNet.pytorch INFO: [1/100], [30/80], global_step: 30, speed: 2.9 samples/sec, acc: 0.5396, iou_shrink_map: 0.1146, loss: 2.8080loss_shrink_maps: 0.7051, loss_threshold_maps: 0.1195, loss_binary_maps: 0.9081, , lr:0.000381667, time:3.50
2021-01-22 16:56:40,313 DBNet.pytorch INFO: [1/100], [40/80], global_step: 40, speed: 2.9 samples/sec, acc: 0.5330, iou_shrink_map: 0.0956, loss: 2.2650loss_shrink_maps: 0.6573, loss_threshold_maps: 0.0977, loss_binary_maps: 0.6303, , lr:0.000398333, time:3.50
2021-01-22 16:56:43,894 DBNet.pytorch INFO: [1/100], [50/80], global_step: 50, speed: 2.8 samples/sec, acc: 0.5163, iou_shrink_map: 0.0854, loss: 2.5213loss_shrink_maps: 0.6389, loss_threshold_maps: 0.1144, loss_binary_maps: 0.7379, , lr:0.000415, time:3.58
2021-01-22 16:56:47,399 DBNet.pytorch INFO: [1/100], [60/80], global_step: 60, speed: 2.9 samples/sec, acc: 0.5117, iou_shrink_map: 0.0771, loss: 2.5886loss_shrink_maps: 0.6250, loss_threshold_maps: 0.1118, loss_binary_maps: 0.8461, , lr:0.000431667, time:3.51
2021-01-22 16:56:50,952 DBNet.pytorch INFO: [1/100], [70/80], global_step: 70, speed: 2.8 samples/sec, acc: 0.5101, iou_shrink_map: 0.0723, loss: 2.7867loss_shrink_maps: 0.7365, loss_threshold_maps: 0.1228, loss_binary_maps: 0.8225, , lr:0.000448333, time:3.55
2021-01-22 16:56:54,474 DBNet.pytorch INFO: [1/100], [80/80], global_step: 80, speed: 2.8 samples/sec, acc: 0.5120, iou_shrink_map: 0.0701, loss: 2.4794loss_shrink_maps: 0.6469, loss_threshold_maps: 0.1079, loss_binary_maps: 0.7540, , lr:0.000465, time:3.52
2021-01-22 16:56:54,684 DBNet.pytorch INFO: [1/100], train_loss: 3.1165, time: 36.3872, lr: 0.00046499999999999997
